Arguments: 
  C:\Program Files\nodejs\node.exe C:\Users\maryam\.node\corepack\yarn\1.22.15\bin\yarn.js add react-native-google-places-autocomplete

PATH: 
  C:\Users\maryam\AppData\Local\Programs\Python\Python310;C:\Users\maryam\AppData\Local\Programs\Python\Python310\scripts;C:\Windows\system32;C:\Windows;C:\Windows\System32\Wbem;C:\Windows\System32\WindowsPowerShell\v1.0\;C:\Windows\System32\OpenSSH\;C:\Program Files\nodejs\;C:\Program Files\nodejs\;C:\Program Files\Git\cmd;C:\Users\maryam\AppData\Local\Programs\Python\Python310\Scripts\;C:\Users\maryam\AppData\Local\Programs\Python\Python310\;C:\Windows\system32;C:\Windows;C:\Windows\System32\Wbem;C:\Windows\System32\WindowsPowerShell\v1.0\;C:\Windows\System32\OpenSSH\;C:\Program Files\nodejs\;C:\Program Files\nodejs\;C:\Users\maryam\AppData\Local\Microsoft\WindowsApps;C:\Users\maryam\AppData\Roaming\npm;C:\Users\maryam\AppData\Local\Programs\Microsoft VS Code\bin;C:\Program Files\nodejs;;C:\Python34\Scripts

Yarn version: 
  1.22.15

Node version: 
  16.16.0

Platform: 
  win32 x64

Trace: 
  Error: EPERM: operation not permitted, unlink 'C:\Users\maryam\AppData\Local\Yarn\Cache\v6\npm-@expo-cli-0.3.2-83c8587ec38f9c7361222751bc4bb829520201b8-integrity\node_modules\@expo\cli\.yarn-tarball.tgz'

npm manifest: 
  {
    "name": "practice",
    "version": "1.0.0",
    "main": "node_modules/expo/AppEntry.js",
    "scripts": {
      "start": "expo start",
      "android": "expo start --android",
      "ios": "expo start --ios",
      "web": "expo start --web"
    },
    "dependencies": {
      "@react-native-community/masked-view": "^0.1.11",
      "axios": "^1.2.0",
      "expo": "~46.0.9",
      "expo-status-bar": "~1.4.0",
      "react": "18.0.0",
      "react-dom": "^18.2.0",
      "react-native": "0.69.5",
      "react-native-gesture-handler": "^2.6.1",
      "react-native-reanimated": "^2.10.0",
      "react-native-safe-area-context": "^4.3.4",
      "react-native-screens": "^3.17.0",
      "react-native-vector-icons": "^9.2.0",
      "react-native-web": "~0.18.7",
      "react-navigation": "^4.4.4",
      "react-navigation-stack": "^2.10.4",
      "uuid": "^9.0.0"
    },
    "devDependencies": {
      "@babel/core": "^7.12.9"
    },
    "private": true
  }

yarn manifest: 
  No manifest

Lockfile: 
  No lockfile
